f:\it&hacking\cheats\csgo\p4r4h00k-cheat\full version\p4r4h00k-gui&secured\p4r4h00k\p4r4h00k\debug\vc140.pdb
f:\it&hacking\cheats\csgo\p4r4h00k-cheat\full version\p4r4h00k-gui&secured\p4r4h00k\p4r4h00k\debug\vc140.idb
f:\it&hacking\cheats\csgo\p4r4h00k-cheat\full version\p4r4h00k-gui&secured\p4r4h00k\p4r4h00k\debug\imgui_demo.obj
f:\it&hacking\cheats\csgo\p4r4h00k-cheat\full version\p4r4h00k-gui&secured\p4r4h00k\p4r4h00k\debug\imgui_draw.obj
f:\it&hacking\cheats\csgo\p4r4h00k-cheat\full version\p4r4h00k-gui&secured\p4r4h00k\p4r4h00k\debug\misc.obj
f:\it&hacking\cheats\csgo\p4r4h00k-cheat\full version\p4r4h00k-gui&secured\p4r4h00k\p4r4h00k\debug\netvarmanager.obj
f:\it&hacking\cheats\csgo\p4r4h00k-cheat\full version\p4r4h00k-gui&secured\p4r4h00k\p4r4h00k\debug\onscreensizechanged.obj
f:\it&hacking\cheats\csgo\p4r4h00k-cheat\full version\p4r4h00k-gui&secured\p4r4h00k\p4r4h00k\debug\overrideview.obj
f:\it&hacking\cheats\csgo\p4r4h00k-cheat\full version\p4r4h00k-gui&secured\p4r4h00k\p4r4h00k\debug\p4drawmanager.obj
f:\it&hacking\cheats\csgo\p4r4h00k-cheat\full version\p4r4h00k-gui&secured\p4r4h00k\p4r4h00k\debug\p4menu.obj
f:\it&hacking\cheats\csgo\p4r4h00k-cheat\full version\p4r4h00k-gui&secured\p4r4h00k\p4r4h00k\debug\config.obj
f:\it&hacking\cheats\csgo\p4r4h00k-cheat\full version\p4r4h00k-gui&secured\p4r4h00k\p4r4h00k\debug\painttraverse.obj
f:\it&hacking\cheats\csgo\p4r4h00k-cheat\full version\p4r4h00k-gui&secured\p4r4h00k\p4r4h00k\debug\serverrankreveal.obj
f:\it&hacking\cheats\csgo\p4r4h00k-cheat\full version\p4r4h00k-gui&secured\p4r4h00k\p4r4h00k\debug\setclantag.obj
f:\it&hacking\cheats\csgo\p4r4h00k-cheat\full version\p4r4h00k-gui&secured\p4r4h00k\p4r4h00k\debug\setname.obj
f:\it&hacking\cheats\csgo\p4r4h00k-cheat\full version\p4r4h00k-gui&secured\p4r4h00k\p4r4h00k\debug\menu.obj
f:\it&hacking\cheats\csgo\p4r4h00k-cheat\full version\p4r4h00k-gui&secured\p4r4h00k\p4r4h00k\debug\convar.obj
f:\it&hacking\cheats\csgo\p4r4h00k-cheat\full version\p4r4h00k-gui&secured\p4r4h00k\p4r4h00k\debug\crc.obj
f:\it&hacking\cheats\csgo\p4r4h00k-cheat\full version\p4r4h00k-gui&secured\p4r4h00k\p4r4h00k\debug\sdk.obj
f:\it&hacking\cheats\csgo\p4r4h00k-cheat\full version\p4r4h00k-gui&secured\p4r4h00k\p4r4h00k\debug\vector.obj
f:\it&hacking\cheats\csgo\p4r4h00k-cheat\full version\p4r4h00k-gui&secured\p4r4h00k\p4r4h00k\debug\vmatrix.obj
f:\it&hacking\cheats\csgo\p4r4h00k-cheat\full version\p4r4h00k-gui&secured\p4r4h00k\p4r4h00k\debug\traceray.obj
f:\it&hacking\cheats\csgo\p4r4h00k-cheat\full version\p4r4h00k-gui&secured\p4r4h00k\p4r4h00k\debug\antiaim.obj
f:\it&hacking\cheats\csgo\p4r4h00k-cheat\full version\p4r4h00k-gui&secured\p4r4h00k\p4r4h00k\debug\cautowall.obj
f:\it&hacking\cheats\csgo\p4r4h00k-cheat\full version\p4r4h00k-gui&secured\p4r4h00k\p4r4h00k\debug\cfixmove.obj
f:\it&hacking\cheats\csgo\p4r4h00k-cheat\full version\p4r4h00k-gui&secured\p4r4h00k\p4r4h00k\debug\clagcompensation2.obj
f:\it&hacking\cheats\csgo\p4r4h00k-cheat\full version\p4r4h00k-gui&secured\p4r4h00k\p4r4h00k\debug\cpredictionsystem.obj
f:\it&hacking\cheats\csgo\p4r4h00k-cheat\full version\p4r4h00k-gui&secured\p4r4h00k\p4r4h00k\debug\createmove.obj
f:\it&hacking\cheats\csgo\p4r4h00k-cheat\full version\p4r4h00k-gui&secured\p4r4h00k\p4r4h00k\debug\d3dx9.obj
f:\it&hacking\cheats\csgo\p4r4h00k-cheat\full version\p4r4h00k-gui&secured\p4r4h00k\p4r4h00k\debug\didsmokeeffect.obj
f:\it&hacking\cheats\csgo\p4r4h00k-cheat\full version\p4r4h00k-gui&secured\p4r4h00k\p4r4h00k\debug\dllmain.obj
f:\it&hacking\cheats\csgo\p4r4h00k-cheat\full version\p4r4h00k-gui&secured\p4r4h00k\p4r4h00k\debug\dopostscreenspaceeffects.obj
f:\it&hacking\cheats\csgo\p4r4h00k-cheat\full version\p4r4h00k-gui&secured\p4r4h00k\p4r4h00k\debug\drawmanager.obj
f:\it&hacking\cheats\csgo\p4r4h00k-cheat\full version\p4r4h00k-gui&secured\p4r4h00k\p4r4h00k\debug\drawmodelexecute.obj
f:\it&hacking\cheats\csgo\p4r4h00k-cheat\full version\p4r4h00k-gui&secured\p4r4h00k\p4r4h00k\debug\fireeventcs.obj
f:\it&hacking\cheats\csgo\p4r4h00k-cheat\full version\p4r4h00k-gui&secured\p4r4h00k\p4r4h00k\debug\framestagenotify.obj
f:\it&hacking\cheats\csgo\p4r4h00k-cheat\full version\p4r4h00k-gui&secured\p4r4h00k\p4r4h00k\debug\imgui_impl_dx9.obj
f:\it&hacking\cheats\csgo\p4r4h00k-cheat\full version\p4r4h00k-gui&secured\p4r4h00k\p4r4h00k\debug\imgui.obj
f:\it&hacking\cheats\csgo\p4r4h00k-cheat\full version\p4r4h00k-gui&secured\p4r4h00k\debug\p4r4h00k.ilk
f:\it&hacking\cheats\csgo\p4r4h00k-cheat\full version\p4r4h00k-gui&secured\p4r4h00k\debug\p4r4h00k.dll
f:\it&hacking\cheats\csgo\p4r4h00k-cheat\full version\p4r4h00k-gui&secured\p4r4h00k\debug\p4r4h00k.pdb
f:\it&hacking\cheats\csgo\p4r4h00k-cheat\full version\p4r4h00k-gui&secured\p4r4h00k\p4r4h00k\debug\p4r4h00k.res
f:\it&hacking\cheats\csgo\p4r4h00k-cheat\full version\p4r4h00k-gui&secured\p4r4h00k\p4r4h00k\debug\fireeventcs.new.obj.enc
f:\it&hacking\cheats\csgo\p4r4h00k-cheat\full version\p4r4h00k-gui&secured\p4r4h00k\p4r4h00k\debug\fireeventcs.obj.enc
f:\it&hacking\cheats\csgo\p4r4h00k-cheat\full version\p4r4h00k-gui&secured\p4r4h00k\p4r4h00k\..\debug\p4r4h00k.dll
f:\it&hacking\cheats\csgo\p4r4h00k-cheat\full version\p4r4h00k-gui&secured\p4r4h00k\p4r4h00k\debug\p4r4h00k.tlog\cl.command.1.tlog
f:\it&hacking\cheats\csgo\p4r4h00k-cheat\full version\p4r4h00k-gui&secured\p4r4h00k\p4r4h00k\debug\p4r4h00k.tlog\cl.read.1.tlog
f:\it&hacking\cheats\csgo\p4r4h00k-cheat\full version\p4r4h00k-gui&secured\p4r4h00k\p4r4h00k\debug\p4r4h00k.tlog\cl.write.1.tlog
f:\it&hacking\cheats\csgo\p4r4h00k-cheat\full version\p4r4h00k-gui&secured\p4r4h00k\p4r4h00k\debug\p4r4h00k.tlog\link.command.1.tlog
f:\it&hacking\cheats\csgo\p4r4h00k-cheat\full version\p4r4h00k-gui&secured\p4r4h00k\p4r4h00k\debug\p4r4h00k.tlog\link.read.1.tlog
f:\it&hacking\cheats\csgo\p4r4h00k-cheat\full version\p4r4h00k-gui&secured\p4r4h00k\p4r4h00k\debug\p4r4h00k.tlog\link.write.1.tlog
f:\it&hacking\cheats\csgo\p4r4h00k-cheat\full version\p4r4h00k-gui&secured\p4r4h00k\p4r4h00k\debug\p4r4h00k.tlog\rc.command.1.tlog
f:\it&hacking\cheats\csgo\p4r4h00k-cheat\full version\p4r4h00k-gui&secured\p4r4h00k\p4r4h00k\debug\p4r4h00k.tlog\rc.read.1.tlog
f:\it&hacking\cheats\csgo\p4r4h00k-cheat\full version\p4r4h00k-gui&secured\p4r4h00k\p4r4h00k\debug\p4r4h00k.tlog\rc.write.1.tlog
