f:\it&hacking\cheats\csgo\p4r4h00k-cheat\full version\p4r4h00k-gui&secured\p4r4h00k\p4r4h00k\release\vc140.pdb
f:\it&hacking\cheats\csgo\p4r4h00k-cheat\full version\p4r4h00k-gui&secured\p4r4h00k\p4r4h00k\release\netvarmanager.obj
f:\it&hacking\cheats\csgo\p4r4h00k-cheat\full version\p4r4h00k-gui&secured\p4r4h00k\p4r4h00k\release\misc.obj
f:\it&hacking\cheats\csgo\p4r4h00k-cheat\full version\p4r4h00k-gui&secured\p4r4h00k\p4r4h00k\release\imgui_draw.obj
f:\it&hacking\cheats\csgo\p4r4h00k-cheat\full version\p4r4h00k-gui&secured\p4r4h00k\p4r4h00k\release\imgui_demo.obj
f:\it&hacking\cheats\csgo\p4r4h00k-cheat\full version\p4r4h00k-gui&secured\p4r4h00k\p4r4h00k\release\imgui.obj
f:\it&hacking\cheats\csgo\p4r4h00k-cheat\full version\p4r4h00k-gui&secured\p4r4h00k\p4r4h00k\release\imgui_impl_dx9.obj
f:\it&hacking\cheats\csgo\p4r4h00k-cheat\full version\p4r4h00k-gui&secured\p4r4h00k\p4r4h00k\release\framestagenotify.obj
f:\it&hacking\cheats\csgo\p4r4h00k-cheat\full version\p4r4h00k-gui&secured\p4r4h00k\p4r4h00k\release\fireeventcs.obj
f:\it&hacking\cheats\csgo\p4r4h00k-cheat\full version\p4r4h00k-gui&secured\p4r4h00k\p4r4h00k\release\drawmodelexecute.obj
f:\it&hacking\cheats\csgo\p4r4h00k-cheat\full version\p4r4h00k-gui&secured\p4r4h00k\p4r4h00k\release\drawmanager.obj
f:\it&hacking\cheats\csgo\p4r4h00k-cheat\full version\p4r4h00k-gui&secured\p4r4h00k\p4r4h00k\release\dopostscreenspaceeffects.obj
f:\it&hacking\cheats\csgo\p4r4h00k-cheat\full version\p4r4h00k-gui&secured\p4r4h00k\p4r4h00k\release\dllmain.obj
f:\it&hacking\cheats\csgo\p4r4h00k-cheat\full version\p4r4h00k-gui&secured\p4r4h00k\p4r4h00k\release\didsmokeeffect.obj
f:\it&hacking\cheats\csgo\p4r4h00k-cheat\full version\p4r4h00k-gui&secured\p4r4h00k\p4r4h00k\release\d3dx9.obj
f:\it&hacking\cheats\csgo\p4r4h00k-cheat\full version\p4r4h00k-gui&secured\p4r4h00k\p4r4h00k\release\createmove.obj
f:\it&hacking\cheats\csgo\p4r4h00k-cheat\full version\p4r4h00k-gui&secured\p4r4h00k\p4r4h00k\release\cpredictionsystem.obj
f:\it&hacking\cheats\csgo\p4r4h00k-cheat\full version\p4r4h00k-gui&secured\p4r4h00k\p4r4h00k\release\clagcompensation2.obj
f:\it&hacking\cheats\csgo\p4r4h00k-cheat\full version\p4r4h00k-gui&secured\p4r4h00k\p4r4h00k\release\cfixmove.obj
f:\it&hacking\cheats\csgo\p4r4h00k-cheat\full version\p4r4h00k-gui&secured\p4r4h00k\p4r4h00k\release\cautowall.obj
f:\it&hacking\cheats\csgo\p4r4h00k-cheat\full version\p4r4h00k-gui&secured\p4r4h00k\p4r4h00k\release\antiaim.obj
f:\it&hacking\cheats\csgo\p4r4h00k-cheat\full version\p4r4h00k-gui&secured\p4r4h00k\p4r4h00k\release\traceray.obj
f:\it&hacking\cheats\csgo\p4r4h00k-cheat\full version\p4r4h00k-gui&secured\p4r4h00k\p4r4h00k\release\vmatrix.obj
f:\it&hacking\cheats\csgo\p4r4h00k-cheat\full version\p4r4h00k-gui&secured\p4r4h00k\p4r4h00k\release\vector.obj
f:\it&hacking\cheats\csgo\p4r4h00k-cheat\full version\p4r4h00k-gui&secured\p4r4h00k\p4r4h00k\release\sdk.obj
f:\it&hacking\cheats\csgo\p4r4h00k-cheat\full version\p4r4h00k-gui&secured\p4r4h00k\p4r4h00k\release\crc.obj
f:\it&hacking\cheats\csgo\p4r4h00k-cheat\full version\p4r4h00k-gui&secured\p4r4h00k\p4r4h00k\release\convar.obj
f:\it&hacking\cheats\csgo\p4r4h00k-cheat\full version\p4r4h00k-gui&secured\p4r4h00k\p4r4h00k\release\menu.obj
f:\it&hacking\cheats\csgo\p4r4h00k-cheat\full version\p4r4h00k-gui&secured\p4r4h00k\p4r4h00k\release\setname.obj
f:\it&hacking\cheats\csgo\p4r4h00k-cheat\full version\p4r4h00k-gui&secured\p4r4h00k\p4r4h00k\release\setclantag.obj
f:\it&hacking\cheats\csgo\p4r4h00k-cheat\full version\p4r4h00k-gui&secured\p4r4h00k\p4r4h00k\release\serverrankreveal.obj
f:\it&hacking\cheats\csgo\p4r4h00k-cheat\full version\p4r4h00k-gui&secured\p4r4h00k\p4r4h00k\release\painttraverse.obj
f:\it&hacking\cheats\csgo\p4r4h00k-cheat\full version\p4r4h00k-gui&secured\p4r4h00k\p4r4h00k\release\config.obj
f:\it&hacking\cheats\csgo\p4r4h00k-cheat\full version\p4r4h00k-gui&secured\p4r4h00k\p4r4h00k\release\p4menu.obj
f:\it&hacking\cheats\csgo\p4r4h00k-cheat\full version\p4r4h00k-gui&secured\p4r4h00k\p4r4h00k\release\p4drawmanager.obj
f:\it&hacking\cheats\csgo\p4r4h00k-cheat\full version\p4r4h00k-gui&secured\p4r4h00k\p4r4h00k\release\overrideview.obj
f:\it&hacking\cheats\csgo\p4r4h00k-cheat\full version\p4r4h00k-gui&secured\p4r4h00k\p4r4h00k\release\onscreensizechanged.obj
f:\it&hacking\cheats\csgo\p4r4h00k-cheat\full version\p4r4h00k-gui&secured\p4r4h00k\release\p4r4h00k.dll
f:\it&hacking\cheats\csgo\p4r4h00k-cheat\full version\p4r4h00k-gui&secured\p4r4h00k\release\p4r4h00k.ipdb
f:\it&hacking\cheats\csgo\p4r4h00k-cheat\full version\p4r4h00k-gui&secured\p4r4h00k\release\p4r4h00k.iobj
f:\it&hacking\cheats\csgo\p4r4h00k-cheat\full version\p4r4h00k-gui&secured\p4r4h00k\release\p4r4h00k.pdb
f:\it&hacking\cheats\csgo\p4r4h00k-cheat\full version\p4r4h00k-gui&secured\p4r4h00k\p4r4h00k\release\p4r4h00k.res
f:\it&hacking\cheats\csgo\p4r4h00k-cheat\full version\p4r4h00k-gui&secured\p4r4h00k\p4r4h00k\release\p4r4h00k.tlog\cl.command.1.tlog
f:\it&hacking\cheats\csgo\p4r4h00k-cheat\full version\p4r4h00k-gui&secured\p4r4h00k\p4r4h00k\release\p4r4h00k.tlog\cl.read.1.tlog
f:\it&hacking\cheats\csgo\p4r4h00k-cheat\full version\p4r4h00k-gui&secured\p4r4h00k\p4r4h00k\release\p4r4h00k.tlog\cl.write.1.tlog
f:\it&hacking\cheats\csgo\p4r4h00k-cheat\full version\p4r4h00k-gui&secured\p4r4h00k\p4r4h00k\release\p4r4h00k.tlog\link.command.1.tlog
f:\it&hacking\cheats\csgo\p4r4h00k-cheat\full version\p4r4h00k-gui&secured\p4r4h00k\p4r4h00k\release\p4r4h00k.tlog\link.read.1.tlog
f:\it&hacking\cheats\csgo\p4r4h00k-cheat\full version\p4r4h00k-gui&secured\p4r4h00k\p4r4h00k\release\p4r4h00k.tlog\link.write.1.tlog
f:\it&hacking\cheats\csgo\p4r4h00k-cheat\full version\p4r4h00k-gui&secured\p4r4h00k\p4r4h00k\release\p4r4h00k.tlog\rc.command.1.tlog
f:\it&hacking\cheats\csgo\p4r4h00k-cheat\full version\p4r4h00k-gui&secured\p4r4h00k\p4r4h00k\release\p4r4h00k.tlog\rc.read.1.tlog
f:\it&hacking\cheats\csgo\p4r4h00k-cheat\full version\p4r4h00k-gui&secured\p4r4h00k\p4r4h00k\release\p4r4h00k.tlog\rc.write.1.tlog
